Determining if the pthread_create exist failed with the following output:
Change Dir: /home/finkeljo/qmd-progress/build/CMakeFiles/CMakeTmp

Run Build Command:"/usr/bin/gmake" "cmTC_1749c/fast"
/usr/bin/gmake -f CMakeFiles/cmTC_1749c.dir/build.make CMakeFiles/cmTC_1749c.dir/build
gmake[1]: Entering directory `/home/finkeljo/qmd-progress/build/CMakeFiles/CMakeTmp'
Building C object CMakeFiles/cmTC_1749c.dir/CheckSymbolExists.c.o
/projects/opt/ppc64le/gcc/7.3.0/bin/gcc   -fPIC    -o CMakeFiles/cmTC_1749c.dir/CheckSymbolExists.c.o   -c /home/finkeljo/qmd-progress/build/CMakeFiles/CMakeTmp/CheckSymbolExists.c
Linking C executable cmTC_1749c
/projects/opt/ppc64le/cmake/3.12.4/bin/cmake -E cmake_link_script CMakeFiles/cmTC_1749c.dir/link.txt --verbose=1
/projects/opt/ppc64le/gcc/7.3.0/bin/gcc -fPIC     CMakeFiles/cmTC_1749c.dir/CheckSymbolExists.c.o  -o cmTC_1749c 
CMakeFiles/cmTC_1749c.dir/CheckSymbolExists.c.o:(.toc+0x0): undefined reference to `pthread_create'
collect2: error: ld returned 1 exit status
gmake[1]: *** [cmTC_1749c] Error 1
gmake[1]: Leaving directory `/home/finkeljo/qmd-progress/build/CMakeFiles/CMakeTmp'
gmake: *** [cmTC_1749c/fast] Error 2

File /home/finkeljo/qmd-progress/build/CMakeFiles/CMakeTmp/CheckSymbolExists.c:
/* */
#include <pthread.h>

int main(int argc, char** argv)
{
  (void)argv;
#ifndef pthread_create
  return ((int*)(&pthread_create))[argc];
#else
  (void)argc;
  return 0;
#endif
}

Determining if the function pthread_create exists in the pthreads failed with the following output:
Change Dir: /home/finkeljo/qmd-progress/build/CMakeFiles/CMakeTmp

Run Build Command:"/usr/bin/gmake" "cmTC_df930/fast"
/usr/bin/gmake -f CMakeFiles/cmTC_df930.dir/build.make CMakeFiles/cmTC_df930.dir/build
gmake[1]: Entering directory `/home/finkeljo/qmd-progress/build/CMakeFiles/CMakeTmp'
Building C object CMakeFiles/cmTC_df930.dir/CheckFunctionExists.c.o
/projects/opt/ppc64le/gcc/7.3.0/bin/gcc   -fPIC -DCHECK_FUNCTION_EXISTS=pthread_create   -o CMakeFiles/cmTC_df930.dir/CheckFunctionExists.c.o   -c /projects/opt/ppc64le/cmake/3.12.4/share/cmake-3.12/Modules/CheckFunctionExists.c
Linking C executable cmTC_df930
/projects/opt/ppc64le/cmake/3.12.4/bin/cmake -E cmake_link_script CMakeFiles/cmTC_df930.dir/link.txt --verbose=1
/projects/opt/ppc64le/gcc/7.3.0/bin/gcc -fPIC -DCHECK_FUNCTION_EXISTS=pthread_create    CMakeFiles/cmTC_df930.dir/CheckFunctionExists.c.o  -o cmTC_df930 -lpthreads 
/usr/bin/ld: cannot find -lpthreads
collect2: error: ld returned 1 exit status
gmake[1]: *** [cmTC_df930] Error 1
gmake[1]: Leaving directory `/home/finkeljo/qmd-progress/build/CMakeFiles/CMakeTmp'
gmake: *** [cmTC_df930/fast] Error 2


